============================================================================================= test session starts ==============================================================================================
platform darwin -- Python 3.13.12, pytest-8.0.0, pluggy-1.6.0 -- /Users/lokohaudrey/Desktop/Data pipeline-streaming /Data_pipeline/env/bin/python3
cachedir: .pytest_cache
rootdir: /Users/lokohaudrey/Desktop/Data pipeline-streaming /Data_pipeline
plugins: cov-4.1.0, mock-3.12.0, Faker-24.0.0
collected 4 items                                                                                                                                                                                              

tests/unit/test_transformations.py::TestDataGenerator::test_generate_catalog_structure PASSED                                                                                                            [ 25%]
tests/unit/test_transformations.py::TestDataGenerator::test_generated_track_has_required_fields PASSED                                                                                                   [ 50%]
tests/unit/test_transformations.py::TestDataGenerator::test_generated_artist_has_label PASSED                                                                                                            [ 75%]
tests/unit/test_transformations.py::TestDataGenerator::test_track_ids_are_unique PASSED                                                                                                                  [100%]

============================================================================================== 4 passed in 0.09s ===============================================================================================
